<?xml version="1.0" encoding="UTF-8"?>
<!-- Generated by org.testng.reporters.JUnitXMLReporter -->
<testsuite ignored="2" hostname="GUDDU" failures="0" tests="1" name="Test" time="24.914" errors="0" timestamp="2024-07-20T11:21:29 IST">
  <testcase classname="batchExecution.RollsRoyce" name="rollsRoyceCar" time="24.823"/>
  <testcase classname="batchExecution.Lamborghini" name="lamborghiniCar" time="0.0">
    <ignored/>
  </testcase> <!-- lamborghiniCar -->
  <testcase classname="batchExecution.Jaguar" name="jaguarCar" time="0.0">
    <ignored/>
  </testcase> <!-- jaguarCar -->
</testsuite> <!-- Test -->
